<?xml version="1.0" encoding="UTF-8"?>
<coverage generated="1762033628367" clover="3.2.0">
  <project timestamp="1762033628367" name="All files">
    <metrics statements="170" coveredstatements="145" conditionals="69" coveredconditionals="54" methods="60" coveredmethods="58" elements="299" coveredelements="257" complexity="0" loc="170" ncloc="170" packages="14" files="26" classes="26"/>
    <package name="src">
      <metrics statements="1" coveredstatements="1" conditionals="0" coveredconditionals="0" methods="1" coveredmethods="1"/>
      <file name="App.tsx" path="C:\Users\muham\OneDrive\Desktop\insider-horse-race-case\src\App.tsx">
        <metrics statements="1" coveredstatements="1" conditionals="0" coveredconditionals="0" methods="1" coveredmethods="1"/>
        <line num="4" count="17" type="stmt"/>
      </file>
    </package>
    <package name="src.components.Button">
      <metrics statements="1" coveredstatements="1" conditionals="1" coveredconditionals="1" methods="1" coveredmethods="1"/>
      <file name="index.tsx" path="C:\Users\muham\OneDrive\Desktop\insider-horse-race-case\src\components\Button\index.tsx">
        <metrics statements="1" coveredstatements="1" conditionals="1" coveredconditionals="1" methods="1" coveredmethods="1"/>
        <line num="14" count="22" type="stmt"/>
      </file>
      <file name="styles.module.scss" path="C:\Users\muham\OneDrive\Desktop\insider-horse-race-case\src\components\Button\styles.module.scss">
        <metrics statements="0" coveredstatements="0" conditionals="0" coveredconditionals="0" methods="0" coveredmethods="0"/>
      </file>
    </package>
    <package name="src.components.Game">
      <metrics statements="25" coveredstatements="17" conditionals="16" coveredconditionals="11" methods="8" coveredmethods="7"/>
      <file name="index.tsx" path="C:\Users\muham\OneDrive\Desktop\insider-horse-race-case\src\components\Game\index.tsx">
        <metrics statements="25" coveredstatements="17" conditionals="16" coveredconditionals="11" methods="8" coveredmethods="7"/>
        <line num="10" count="9" type="stmt"/>
        <line num="11" count="9" type="stmt"/>
        <line num="12" count="9" type="stmt"/>
        <line num="13" count="9" type="stmt"/>
        <line num="14" count="9" type="stmt"/>
        <line num="15" count="9" type="stmt"/>
        <line num="18" count="9" type="stmt"/>
        <line num="21" count="0" type="stmt"/>
        <line num="23" count="0" type="cond" truecount="0" falsecount="2"/>
        <line num="25" count="0" type="stmt"/>
        <line num="26" count="0" type="stmt"/>
        <line num="30" count="0" type="cond" truecount="0" falsecount="2"/>
        <line num="31" count="0" type="stmt"/>
        <line num="37" count="9" type="stmt"/>
        <line num="38" count="9" type="cond" truecount="2" falsecount="0"/>
        <line num="40" count="2" type="stmt"/>
        <line num="41" count="2" type="stmt"/>
        <line num="44" count="7" type="cond" truecount="1" falsecount="1"/>
        <line num="45" count="0" type="stmt"/>
        <line num="46" count="0" type="stmt"/>
        <line num="51" count="9" type="stmt"/>
        <line num="52" count="9" type="cond" truecount="2" falsecount="0"/>
        <line num="53" count="2" type="stmt"/>
        <line num="58" count="9" type="stmt"/>
        <line num="71" count="12" type="stmt"/>
      </file>
      <file name="styles.module.scss" path="C:\Users\muham\OneDrive\Desktop\insider-horse-race-case\src\components\Game\styles.module.scss">
        <metrics statements="0" coveredstatements="0" conditionals="0" coveredconditionals="0" methods="0" coveredmethods="0"/>
      </file>
    </package>
    <package name="src.components.Header">
      <metrics statements="29" coveredstatements="21" conditionals="19" coveredconditionals="10" methods="8" coveredmethods="7"/>
      <file name="index.tsx" path="C:\Users\muham\OneDrive\Desktop\insider-horse-race-case\src\components\Header\index.tsx">
        <metrics statements="29" coveredstatements="21" conditionals="19" coveredconditionals="10" methods="8" coveredmethods="7"/>
        <line num="6" count="9" type="stmt"/>
        <line num="7" count="9" type="stmt"/>
        <line num="8" count="9" type="stmt"/>
        <line num="11" count="9" type="stmt"/>
        <line num="13" count="9" type="stmt"/>
        <line num="14" count="9" type="stmt"/>
        <line num="16" count="9" type="stmt"/>
        <line num="18" count="9" type="stmt"/>
        <line num="19" count="0" type="stmt"/>
        <line num="20" count="0" type="cond" truecount="0" falsecount="4"/>
        <line num="21" count="0" type="stmt"/>
        <line num="22" count="0" type="cond" truecount="0" falsecount="2"/>
        <line num="23" count="0" type="stmt"/>
        <line num="24" count="0" type="cond" truecount="0" falsecount="2"/>
        <line num="25" count="0" type="stmt"/>
        <line num="26" count="0" type="stmt"/>
        <line num="31" count="9" type="stmt"/>
        <line num="33" count="9" type="stmt"/>
        <line num="54" count="1" type="stmt"/>
        <line num="59" count="9" type="stmt"/>
        <line num="61" count="9" type="cond" truecount="2" falsecount="0"/>
        <line num="62" count="1" type="stmt"/>
        <line num="63" count="8" type="cond" truecount="2" falsecount="0"/>
        <line num="64" count="1" type="stmt"/>
        <line num="65" count="7" type="cond" truecount="2" falsecount="0"/>
        <line num="66" count="1" type="cond" truecount="1" falsecount="1"/>
        <line num="68" count="6" type="stmt"/>
        <line num="72" count="9" type="cond" truecount="3" falsecount="0"/>
        <line num="75" count="9" type="stmt"/>
      </file>
      <file name="styles.module.scss" path="C:\Users\muham\OneDrive\Desktop\insider-horse-race-case\src\components\Header\styles.module.scss">
        <metrics statements="0" coveredstatements="0" conditionals="0" coveredconditionals="0" methods="0" coveredmethods="0"/>
      </file>
    </package>
    <package name="src.components.HorseList">
      <metrics statements="5" coveredstatements="5" conditionals="2" coveredconditionals="2" methods="5" coveredmethods="5"/>
      <file name="index.tsx" path="C:\Users\muham\OneDrive\Desktop\insider-horse-race-case\src\components\HorseList\index.tsx">
        <metrics statements="5" coveredstatements="5" conditionals="2" coveredconditionals="2" methods="5" coveredmethods="5"/>
        <line num="8" count="10" type="stmt"/>
        <line num="9" count="10" type="stmt"/>
        <line num="11" count="10" type="stmt"/>
        <line num="26" count="27" type="stmt"/>
        <line num="29" count="8" type="cond" truecount="2" falsecount="0"/>
      </file>
      <file name="styles.module.scss" path="C:\Users\muham\OneDrive\Desktop\insider-horse-race-case\src\components\HorseList\styles.module.scss">
        <metrics statements="0" coveredstatements="0" conditionals="0" coveredconditionals="0" methods="0" coveredmethods="0"/>
      </file>
    </package>
    <package name="src.components.ResultList">
      <metrics statements="4" coveredstatements="4" conditionals="2" coveredconditionals="2" methods="4" coveredmethods="4"/>
      <file name="index.tsx" path="C:\Users\muham\OneDrive\Desktop\insider-horse-race-case\src\components\ResultList\index.tsx">
        <metrics statements="4" coveredstatements="4" conditionals="2" coveredconditionals="2" methods="4" coveredmethods="4"/>
        <line num="8" count="10" type="stmt"/>
        <line num="10" count="10" type="stmt"/>
        <line num="15" count="16" type="stmt"/>
        <line num="30" count="42" type="stmt"/>
      </file>
      <file name="styles.module.scss" path="C:\Users\muham\OneDrive\Desktop\insider-horse-race-case\src\components\ResultList\styles.module.scss">
        <metrics statements="0" coveredstatements="0" conditionals="0" coveredconditionals="0" methods="0" coveredmethods="0"/>
      </file>
    </package>
    <package name="src.components.ScheduleList">
      <metrics statements="4" coveredstatements="4" conditionals="2" coveredconditionals="2" methods="4" coveredmethods="4"/>
      <file name="index.tsx" path="C:\Users\muham\OneDrive\Desktop\insider-horse-race-case\src\components\ScheduleList\index.tsx">
        <metrics statements="4" coveredstatements="4" conditionals="2" coveredconditionals="2" methods="4" coveredmethods="4"/>
        <line num="8" count="12" type="stmt"/>
        <line num="10" count="12" type="stmt"/>
        <line num="15" count="25" type="stmt"/>
        <line num="31" count="62" type="stmt"/>
      </file>
      <file name="styles.module.scss" path="C:\Users\muham\OneDrive\Desktop\insider-horse-race-case\src\components\ScheduleList\styles.module.scss">
        <metrics statements="0" coveredstatements="0" conditionals="0" coveredconditionals="0" methods="0" coveredmethods="0"/>
      </file>
    </package>
    <package name="src.components.Table">
      <metrics statements="11" coveredstatements="11" conditionals="0" coveredconditionals="0" methods="6" coveredmethods="6"/>
      <file name="index.tsx" path="C:\Users\muham\OneDrive\Desktop\insider-horse-race-case\src\components\Table\index.tsx">
        <metrics statements="11" coveredstatements="11" conditionals="0" coveredconditionals="0" methods="6" coveredmethods="6"/>
        <line num="10" count="59" type="stmt"/>
        <line num="22" count="197" type="stmt"/>
        <line num="34" count="121" type="stmt"/>
        <line num="46" count="305" type="stmt"/>
        <line num="58" count="56" type="stmt"/>
        <line num="70" count="57" type="stmt"/>
        <line num="77" count="4" type="stmt"/>
        <line num="78" count="4" type="stmt"/>
        <line num="79" count="4" type="stmt"/>
        <line num="80" count="4" type="stmt"/>
        <line num="81" count="4" type="stmt"/>
      </file>
      <file name="styles.module.scss" path="C:\Users\muham\OneDrive\Desktop\insider-horse-race-case\src\components\Table\styles.module.scss">
        <metrics statements="0" coveredstatements="0" conditionals="0" coveredconditionals="0" methods="0" coveredmethods="0"/>
      </file>
    </package>
    <package name="src.components.Title">
      <metrics statements="1" coveredstatements="1" conditionals="1" coveredconditionals="1" methods="1" coveredmethods="1"/>
      <file name="index.tsx" path="C:\Users\muham\OneDrive\Desktop\insider-horse-race-case\src\components\Title\index.tsx">
        <metrics statements="1" coveredstatements="1" conditionals="1" coveredconditionals="1" methods="1" coveredmethods="1"/>
        <line num="17" count="87" type="stmt"/>
      </file>
      <file name="styles.module.scss" path="C:\Users\muham\OneDrive\Desktop\insider-horse-race-case\src\components\Title\styles.module.scss">
        <metrics statements="0" coveredstatements="0" conditionals="0" coveredconditionals="0" methods="0" coveredmethods="0"/>
      </file>
    </package>
    <package name="src.constants">
      <metrics statements="2" coveredstatements="2" conditionals="0" coveredconditionals="0" methods="0" coveredmethods="0"/>
      <file name="horseNames.ts" path="C:\Users\muham\OneDrive\Desktop\insider-horse-race-case\src\constants\horseNames.ts">
        <metrics statements="2" coveredstatements="2" conditionals="0" coveredconditionals="0" methods="0" coveredmethods="0"/>
        <line num="1" count="3" type="stmt"/>
        <line num="28" count="3" type="stmt"/>
      </file>
    </package>
    <package name="src.services">
      <metrics statements="11" coveredstatements="11" conditionals="0" coveredconditionals="0" methods="3" coveredmethods="3"/>
      <file name="game.service.ts" path="C:\Users\muham\OneDrive\Desktop\insider-horse-race-case\src\services\game.service.ts">
        <metrics statements="11" coveredstatements="11" conditionals="0" coveredconditionals="0" methods="3" coveredmethods="3"/>
        <line num="8" count="11" type="stmt"/>
        <line num="9" count="11" type="stmt"/>
        <line num="10" count="43" type="stmt"/>
        <line num="17" count="11" type="stmt"/>
        <line num="25" count="13" type="stmt"/>
        <line num="26" count="13" type="stmt"/>
        <line num="27" count="27" type="stmt"/>
        <line num="28" count="27" type="stmt"/>
        <line num="30" count="13" type="stmt"/>
        <line num="34" count="15" type="stmt"/>
        <line num="37" count="1" type="stmt"/>
      </file>
    </package>
    <package name="src.stores">
      <metrics statements="35" coveredstatements="35" conditionals="14" coveredconditionals="14" methods="13" coveredmethods="13"/>
      <file name="useRaceStore.ts" path="C:\Users\muham\OneDrive\Desktop\insider-horse-race-case\src\stores\useRaceStore.ts">
        <metrics statements="35" coveredstatements="35" conditionals="14" coveredconditionals="14" methods="13" coveredmethods="13"/>
        <line num="30" count="1" type="stmt"/>
        <line num="38" count="17" type="stmt"/>
        <line num="39" count="17" type="stmt"/>
        <line num="46" count="17" type="stmt"/>
        <line num="50" count="22" type="stmt"/>
        <line num="51" count="22" type="stmt"/>
        <line num="53" count="22" type="cond" truecount="2" falsecount="0"/>
        <line num="54" count="21" type="stmt"/>
        <line num="57" count="42" type="stmt"/>
        <line num="64" count="21" type="stmt"/>
        <line num="69" count="5" type="stmt"/>
        <line num="73" count="11" type="stmt"/>
        <line num="75" count="11" type="cond" truecount="2" falsecount="0"/>
        <line num="76" count="1" type="stmt"/>
        <line num="78" count="10" type="stmt"/>
        <line num="79" count="10" type="stmt"/>
        <line num="82" count="19" type="stmt"/>
        <line num="83" count="19" type="cond" truecount="2" falsecount="0"/>
        <line num="87" count="11" type="stmt"/>
        <line num="89" count="19" type="stmt"/>
        <line num="99" count="10" type="cond" truecount="2" falsecount="0"/>
        <line num="100" count="6" type="stmt"/>
        <line num="101" count="11" type="stmt"/>
        <line num="104" count="6" type="stmt"/>
        <line num="106" count="7" type="cond" truecount="2" falsecount="0"/>
        <line num="107" count="6" type="stmt"/>
        <line num="109" count="1" type="stmt"/>
        <line num="112" count="11" type="stmt"/>
        <line num="113" count="11" type="stmt"/>
        <line num="117" count="11" type="cond" truecount="2" falsecount="0"/>
        <line num="118" count="1" type="stmt"/>
        <line num="125" count="1" type="stmt"/>
        <line num="126" count="2" type="stmt"/>
        <line num="136" count="1" type="stmt"/>
        <line num="139" count="10" type="stmt"/>
      </file>
    </package>
    <package name="src.utils">
      <metrics statements="40" coveredstatements="31" conditionals="12" coveredconditionals="11" methods="5" coveredmethods="5"/>
      <file name="generateRandomColor.ts" path="C:\Users\muham\OneDrive\Desktop\insider-horse-race-case\src\utils\generateRandomColor.ts">
        <metrics statements="5" coveredstatements="5" conditionals="0" coveredconditionals="0" methods="1" coveredmethods="1"/>
        <line num="2" count="1736" type="stmt"/>
        <line num="3" count="1736" type="stmt"/>
        <line num="4" count="1736" type="stmt"/>
        <line num="5" count="10416" type="stmt"/>
        <line num="7" count="1736" type="stmt"/>
      </file>
      <file name="generateUniqueHorseName.ts" path="C:\Users\muham\OneDrive\Desktop\insider-horse-race-case\src\utils\generateUniqueHorseName.ts">
        <metrics statements="19" coveredstatements="10" conditionals="2" coveredconditionals="1" methods="1" coveredmethods="1"/>
        <line num="4" count="211" type="stmt"/>
        <line num="6" count="211" type="stmt"/>
        <line num="7" count="211" type="stmt"/>
        <line num="9" count="211" type="stmt"/>
        <line num="11" count="211" type="stmt"/>
        <line num="12" count="211" type="stmt"/>
        <line num="13" count="211" type="stmt"/>
        <line num="15" count="211" type="cond" truecount="1" falsecount="1"/>
        <line num="16" count="211" type="stmt"/>
        <line num="17" count="211" type="stmt"/>
        <line num="20" count="0" type="stmt"/>
        <line num="23" count="0" type="stmt"/>
        <line num="25" count="0" type="stmt"/>
        <line num="27" count="0" type="stmt"/>
        <line num="28" count="0" type="stmt"/>
        <line num="29" count="0" type="stmt"/>
        <line num="30" count="0" type="stmt"/>
        <line num="33" count="0" type="stmt"/>
        <line num="34" count="0" type="stmt"/>
      </file>
      <file name="getNumberSuffix.ts" path="C:\Users\muham\OneDrive\Desktop\insider-horse-race-case\src\utils\getNumberSuffix.ts">
        <metrics statements="14" coveredstatements="14" conditionals="10" coveredconditionals="10" methods="1" coveredmethods="1"/>
        <line num="2" count="71" type="stmt"/>
        <line num="5" count="71" type="cond" truecount="4" falsecount="0"/>
        <line num="6" count="4" type="stmt"/>
        <line num="9" count="67" type="stmt"/>
        <line num="10" count="67" type="cond" truecount="4" falsecount="0"/>
        <line num="12" count="20" type="stmt"/>
        <line num="13" count="20" type="stmt"/>
        <line num="15" count="17" type="stmt"/>
        <line num="16" count="17" type="stmt"/>
        <line num="18" count="11" type="stmt"/>
        <line num="19" count="11" type="stmt"/>
        <line num="21" count="19" type="stmt"/>
        <line num="22" count="19" type="stmt"/>
        <line num="25" count="71" type="cond" truecount="2" falsecount="0"/>
      </file>
      <file name="selectRandomHorses.ts" path="C:\Users\muham\OneDrive\Desktop\insider-horse-race-case\src\utils\selectRandomHorses.ts">
        <metrics statements="2" coveredstatements="2" conditionals="0" coveredconditionals="0" methods="2" coveredmethods="2"/>
        <line num="4" count="8962" type="stmt"/>
        <line num="5" count="79" type="stmt"/>
      </file>
    </package>
    <package name="src.views.GameView">
      <metrics statements="1" coveredstatements="1" conditionals="0" coveredconditionals="0" methods="1" coveredmethods="1"/>
      <file name="index.tsx" path="C:\Users\muham\OneDrive\Desktop\insider-horse-race-case\src\views\GameView\index.tsx">
        <metrics statements="1" coveredstatements="1" conditionals="0" coveredconditionals="0" methods="1" coveredmethods="1"/>
        <line num="9" count="17" type="stmt"/>
      </file>
      <file name="styles.module.scss" path="C:\Users\muham\OneDrive\Desktop\insider-horse-race-case\src\views\GameView\styles.module.scss">
        <metrics statements="0" coveredstatements="0" conditionals="0" coveredconditionals="0" methods="0" coveredmethods="0"/>
      </file>
    </package>
  </project>
</coverage>
