{"C:\\Users\\muham\\OneDrive\\Desktop\\insider-horse-race-case\\src\\App.tsx": {"path":"C:\\Users\\muham\\OneDrive\\Desktop\\insider-horse-race-case\\src\\App.tsx","statementMap":{"0":{"start":{"line":4,"column":2},"end":{"line":4,"column":null}}},"fnMap":{"0":{"name":"App","decl":{"start":{"line":3,"column":9},"end":{"line":3,"column":15}},"loc":{"start":{"line":3,"column":15},"end":{"line":5,"column":null}},"line":3}},"branchMap":{},"s":{"0":17},"f":{"0":17},"b":{},"meta":{"lastBranch":0,"lastFunction":1,"lastStatement":1,"seen":{"f:3:9:3:15":0,"s:4:2:4:Infinity":0}}}
,"C:\\Users\\muham\\OneDrive\\Desktop\\insider-horse-race-case\\src\\components\\Button\\index.tsx": {"path":"C:\\Users\\muham\\OneDrive\\Desktop\\insider-horse-race-case\\src\\components\\Button\\index.tsx","statementMap":{"0":{"start":{"line":14,"column":2},"end":{"line":20,"column":null}}},"fnMap":{"0":{"name":"Button","decl":{"start":{"line":8,"column":9},"end":{"line":8,"column":16}},"loc":{"start":{"line":13,"column":16},"end":{"line":22,"column":null}},"line":13}},"branchMap":{"0":{"loc":{"start":{"line":9,"column":2},"end":{"line":9,"column":null}},"type":"default-arg","locations":[{"start":{"line":9,"column":12},"end":{"line":9,"column":null}}],"line":9}},"s":{"0":22},"f":{"0":22},"b":{"0":[22]},"meta":{"lastBranch":1,"lastFunction":1,"lastStatement":1,"seen":{"f:8:9:8:16":0,"b:9:12:9:Infinity":0,"s:14:2:20:Infinity":0}}}
,"C:\\Users\\muham\\OneDrive\\Desktop\\insider-horse-race-case\\src\\components\\Button\\styles.module.scss": {"path":"C:\\Users\\muham\\OneDrive\\Desktop\\insider-horse-race-case\\src\\components\\Button\\styles.module.scss","statementMap":{},"fnMap":{},"branchMap":{},"s":{},"f":{},"b":{},"meta":{"lastBranch":0,"lastFunction":0,"lastStatement":0,"seen":{}}}
,"C:\\Users\\muham\\OneDrive\\Desktop\\insider-horse-race-case\\src\\components\\Game\\index.tsx": {"path":"C:\\Users\\muham\\OneDrive\\Desktop\\insider-horse-race-case\\src\\components\\Game\\index.tsx","statementMap":{"0":{"start":{"line":10,"column":8},"end":{"line":10,"column":null}},"1":{"start":{"line":11,"column":8},"end":{"line":11,"column":null}},"2":{"start":{"line":12,"column":8},"end":{"line":12,"column":null}},"3":{"start":{"line":12,"column":45},"end":{"line":12,"column":61}},"4":{"start":{"line":13,"column":8},"end":{"line":13,"column":null}},"5":{"start":{"line":13,"column":51},"end":{"line":13,"column":73}},"6":{"start":{"line":14,"column":8},"end":{"line":16,"column":null}},"7":{"start":{"line":15,"column":15},"end":{"line":15,"column":null}},"8":{"start":{"line":18,"column":8},"end":{"line":35,"column":null}},"9":{"start":{"line":21,"column":24},"end":{"line":21,"column":null}},"10":{"start":{"line":23,"column":6},"end":{"line":27,"column":null}},"11":{"start":{"line":25,"column":8},"end":{"line":25,"column":null}},"12":{"start":{"line":26,"column":8},"end":{"line":26,"column":null}},"13":{"start":{"line":30,"column":6},"end":{"line":32,"column":null}},"14":{"start":{"line":31,"column":8},"end":{"line":31,"column":null}},"15":{"start":{"line":37,"column":2},"end":{"line":56,"column":null}},"16":{"start":{"line":38,"column":4},"end":{"line":48,"column":null}},"17":{"start":{"line":40,"column":6},"end":{"line":40,"column":null}},"18":{"start":{"line":41,"column":6},"end":{"line":41,"column":null}},"19":{"start":{"line":44,"column":6},"end":{"line":47,"column":null}},"20":{"start":{"line":45,"column":8},"end":{"line":45,"column":null}},"21":{"start":{"line":46,"column":8},"end":{"line":46,"column":null}},"22":{"start":{"line":51,"column":4},"end":{"line":55,"column":null}},"23":{"start":{"line":52,"column":6},"end":{"line":54,"column":null}},"24":{"start":{"line":53,"column":8},"end":{"line":53,"column":null}},"25":{"start":{"line":58,"column":2},"end":{"line":122,"column":null}},"26":{"start":{"line":71,"column":14},"end":{"line":113,"column":null}}},"fnMap":{"0":{"name":"Game","decl":{"start":{"line":9,"column":9},"end":{"line":9,"column":16}},"loc":{"start":{"line":9,"column":16},"end":{"line":124,"column":null}},"line":9},"1":{"name":"(anonymous_1)","decl":{"start":{"line":12,"column":34},"end":{"line":12,"column":35}},"loc":{"start":{"line":12,"column":45},"end":{"line":12,"column":61}},"line":12},"2":{"name":"(anonymous_2)","decl":{"start":{"line":13,"column":40},"end":{"line":13,"column":41}},"loc":{"start":{"line":13,"column":51},"end":{"line":13,"column":73}},"line":13},"3":{"name":"(anonymous_3)","decl":{"start":{"line":15,"column":4},"end":{"line":15,"column":5}},"loc":{"start":{"line":15,"column":15},"end":{"line":15,"column":null}},"line":15},"4":{"name":"(anonymous_4)","decl":{"start":{"line":19,"column":4},"end":{"line":19,"column":5}},"loc":{"start":{"line":19,"column":29},"end":{"line":33,"column":null}},"line":19},"5":{"name":"(anonymous_5)","decl":{"start":{"line":37,"column":12},"end":{"line":37,"column":18}},"loc":{"start":{"line":37,"column":18},"end":{"line":56,"column":5}},"line":37},"6":{"name":"(anonymous_6)","decl":{"start":{"line":51,"column":11},"end":{"line":51,"column":17}},"loc":{"start":{"line":51,"column":17},"end":{"line":55,"column":null}},"line":51},"7":{"name":"(anonymous_7)","decl":{"start":{"line":70,"column":47},"end":{"line":70,"column":48}},"loc":{"start":{"line":71,"column":14},"end":{"line":113,"column":null}},"line":71}},"branchMap":{"0":{"loc":{"start":{"line":23,"column":6},"end":{"line":27,"column":null}},"type":"if","locations":[{"start":{"line":23,"column":6},"end":{"line":27,"column":null}},{"start":{},"end":{}}],"line":23},"1":{"loc":{"start":{"line":30,"column":6},"end":{"line":32,"column":null}},"type":"if","locations":[{"start":{"line":30,"column":6},"end":{"line":32,"column":null}},{"start":{},"end":{}}],"line":30},"2":{"loc":{"start":{"line":38,"column":4},"end":{"line":48,"column":null}},"type":"if","locations":[{"start":{"line":38,"column":4},"end":{"line":48,"column":null}},{"start":{"line":42,"column":11},"end":{"line":48,"column":null}}],"line":38},"3":{"loc":{"start":{"line":44,"column":6},"end":{"line":47,"column":null}},"type":"if","locations":[{"start":{"line":44,"column":6},"end":{"line":47,"column":null}},{"start":{},"end":{}}],"line":44},"4":{"loc":{"start":{"line":52,"column":6},"end":{"line":54,"column":null}},"type":"if","locations":[{"start":{"line":52,"column":6},"end":{"line":54,"column":null}},{"start":{},"end":{}}],"line":52},"5":{"loc":{"start":{"line":61,"column":9},"end":{"line":65,"column":null}},"type":"binary-expr","locations":[{"start":{"line":61,"column":9},"end":{"line":61,"column":null}},{"start":{"line":62,"column":10},"end":{"line":65,"column":null}}],"line":61},"6":{"loc":{"start":{"line":67,"column":7},"end":{"line":120,"column":null}},"type":"cond-expr","locations":[{"start":{"line":68,"column":8},"end":{"line":116,"column":null}},{"start":{"line":118,"column":8},"end":{"line":120,"column":null}}],"line":67},"7":{"loc":{"start":{"line":96,"column":22},"end":{"line":97,"column":null}},"type":"binary-expr","locations":[{"start":{"line":96,"column":22},"end":{"line":96,"column":null}},{"start":{"line":97,"column":22},"end":{"line":97,"column":null}}],"line":96}},"s":{"0":9,"1":9,"2":9,"3":9,"4":9,"5":9,"6":9,"7":9,"8":9,"9":0,"10":0,"11":0,"12":0,"13":0,"14":0,"15":9,"16":9,"17":2,"18":2,"19":7,"20":0,"21":0,"22":9,"23":9,"24":2,"25":9,"26":12},"f":{"0":9,"1":9,"2":9,"3":9,"4":0,"5":9,"6":9,"7":12},"b":{"0":[0,0],"1":[0,0],"2":[2,7],"3":[0,7],"4":[2,7],"5":[9,6],"6":[6,3],"7":[12,2]},"meta":{"lastBranch":8,"lastFunction":8,"lastStatement":27,"seen":{"f:9:9:9:16":0,"s:10:8:10:Infinity":0,"s:11:8:11:Infinity":1,"s:12:8:12:Infinity":2,"f:12:34:12:35":1,"s:12:45:12:61":3,"s:13:8:13:Infinity":4,"f:13:40:13:41":2,"s:13:51:13:73":5,"s:14:8:16:Infinity":6,"f:15:4:15:5":3,"s:15:15:15:Infinity":7,"s:18:8:35:Infinity":8,"f:19:4:19:5":4,"s:21:24:21:Infinity":9,"b:23:6:27:Infinity:undefined:undefined:undefined:undefined":0,"s:23:6:27:Infinity":10,"s:25:8:25:Infinity":11,"s:26:8:26:Infinity":12,"b:30:6:32:Infinity:undefined:undefined:undefined:undefined":1,"s:30:6:32:Infinity":13,"s:31:8:31:Infinity":14,"s:37:2:56:Infinity":15,"f:37:12:37:18":5,"b:38:4:48:Infinity:42:11:48:Infinity":2,"s:38:4:48:Infinity":16,"s:40:6:40:Infinity":17,"s:41:6:41:Infinity":18,"b:44:6:47:Infinity:undefined:undefined:undefined:undefined":3,"s:44:6:47:Infinity":19,"s:45:8:45:Infinity":20,"s:46:8:46:Infinity":21,"s:51:4:55:Infinity":22,"f:51:11:51:17":6,"b:52:6:54:Infinity:undefined:undefined:undefined:undefined":4,"s:52:6:54:Infinity":23,"s:53:8:53:Infinity":24,"s:58:2:122:Infinity":25,"b:61:9:61:Infinity:62:10:65:Infinity":5,"b:68:8:116:Infinity:118:8:120:Infinity":6,"f:70:47:70:48":7,"s:71:14:113:Infinity":26,"b:96:22:96:Infinity:97:22:97:Infinity":7}}}
,"C:\\Users\\muham\\OneDrive\\Desktop\\insider-horse-race-case\\src\\components\\Game\\styles.module.scss": {"path":"C:\\Users\\muham\\OneDrive\\Desktop\\insider-horse-race-case\\src\\components\\Game\\styles.module.scss","statementMap":{},"fnMap":{},"branchMap":{},"s":{},"f":{},"b":{},"meta":{"lastBranch":0,"lastFunction":0,"lastStatement":0,"seen":{}}}
,"C:\\Users\\muham\\OneDrive\\Desktop\\insider-horse-race-case\\src\\components\\Header\\index.tsx": {"path":"C:\\Users\\muham\\OneDrive\\Desktop\\insider-horse-race-case\\src\\components\\Header\\index.tsx","statementMap":{"0":{"start":{"line":6,"column":8},"end":{"line":6,"column":null}},"1":{"start":{"line":6,"column":47},"end":{"line":6,"column":65}},"2":{"start":{"line":7,"column":8},"end":{"line":9,"column":null}},"3":{"start":{"line":8,"column":15},"end":{"line":8,"column":null}},"4":{"start":{"line":11,"column":8},"end":{"line":11,"column":null}},"5":{"start":{"line":11,"column":45},"end":{"line":11,"column":61}},"6":{"start":{"line":13,"column":8},"end":{"line":15,"column":null}},"7":{"start":{"line":14,"column":15},"end":{"line":14,"column":null}},"8":{"start":{"line":16,"column":8},"end":{"line":16,"column":null}},"9":{"start":{"line":16,"column":49},"end":{"line":16,"column":69}},"10":{"start":{"line":18,"column":26},"end":{"line":28,"column":null}},"11":{"start":{"line":19,"column":26},"end":{"line":19,"column":null}},"12":{"start":{"line":20,"column":4},"end":{"line":27,"column":null}},"13":{"start":{"line":21,"column":6},"end":{"line":21,"column":null}},"14":{"start":{"line":22,"column":4},"end":{"line":27,"column":null}},"15":{"start":{"line":23,"column":6},"end":{"line":23,"column":null}},"16":{"start":{"line":24,"column":4},"end":{"line":27,"column":null}},"17":{"start":{"line":25,"column":6},"end":{"line":25,"column":null}},"18":{"start":{"line":26,"column":6},"end":{"line":26,"column":null}},"19":{"start":{"line":31,"column":4},"end":{"line":31,"column":null}},"20":{"start":{"line":33,"column":2},"end":{"line":48,"column":null}},"21":{"start":{"line":54,"column":27},"end":{"line":76,"column":null}},"22":{"start":{"line":59,"column":13},"end":{"line":59,"column":null}},"23":{"start":{"line":61,"column":2},"end":{"line":69,"column":null}},"24":{"start":{"line":62,"column":4},"end":{"line":62,"column":null}},"25":{"start":{"line":63,"column":2},"end":{"line":69,"column":null}},"26":{"start":{"line":64,"column":4},"end":{"line":64,"column":null}},"27":{"start":{"line":65,"column":2},"end":{"line":69,"column":null}},"28":{"start":{"line":66,"column":4},"end":{"line":66,"column":null}},"29":{"start":{"line":68,"column":4},"end":{"line":68,"column":null}},"30":{"start":{"line":72,"column":4},"end":{"line":73,"column":null}},"31":{"start":{"line":75,"column":2},"end":{"line":75,"column":null}}},"fnMap":{"0":{"name":"Header","decl":{"start":{"line":5,"column":9},"end":{"line":5,"column":18}},"loc":{"start":{"line":5,"column":18},"end":{"line":50,"column":null}},"line":5},"1":{"name":"(anonymous_1)","decl":{"start":{"line":6,"column":36},"end":{"line":6,"column":37}},"loc":{"start":{"line":6,"column":47},"end":{"line":6,"column":65}},"line":6},"2":{"name":"(anonymous_2)","decl":{"start":{"line":8,"column":4},"end":{"line":8,"column":5}},"loc":{"start":{"line":8,"column":15},"end":{"line":8,"column":null}},"line":8},"3":{"name":"(anonymous_3)","decl":{"start":{"line":11,"column":34},"end":{"line":11,"column":35}},"loc":{"start":{"line":11,"column":45},"end":{"line":11,"column":61}},"line":11},"4":{"name":"(anonymous_4)","decl":{"start":{"line":14,"column":4},"end":{"line":14,"column":5}},"loc":{"start":{"line":14,"column":15},"end":{"line":14,"column":null}},"line":14},"5":{"name":"(anonymous_5)","decl":{"start":{"line":16,"column":38},"end":{"line":16,"column":39}},"loc":{"start":{"line":16,"column":49},"end":{"line":16,"column":69}},"line":16},"6":{"name":"(anonymous_6)","decl":{"start":{"line":18,"column":26},"end":{"line":18,"column":32}},"loc":{"start":{"line":18,"column":32},"end":{"line":28,"column":null}},"line":18},"7":{"name":"(anonymous_7)","decl":{"start":{"line":54,"column":27},"end":{"line":54,"column":null}},"loc":{"start":{"line":58,"column":5},"end":{"line":76,"column":null}},"line":58}},"branchMap":{"0":{"loc":{"start":{"line":20,"column":4},"end":{"line":27,"column":null}},"type":"if","locations":[{"start":{"line":20,"column":4},"end":{"line":27,"column":null}},{"start":{"line":22,"column":4},"end":{"line":27,"column":null}}],"line":20},"1":{"loc":{"start":{"line":20,"column":8},"end":{"line":20,"column":71}},"type":"binary-expr","locations":[{"start":{"line":20,"column":8},"end":{"line":20,"column":43}},{"start":{"line":20,"column":43},"end":{"line":20,"column":71}}],"line":20},"2":{"loc":{"start":{"line":22,"column":4},"end":{"line":27,"column":null}},"type":"if","locations":[{"start":{"line":22,"column":4},"end":{"line":27,"column":null}},{"start":{"line":24,"column":4},"end":{"line":27,"column":null}}],"line":22},"3":{"loc":{"start":{"line":24,"column":4},"end":{"line":27,"column":null}},"type":"if","locations":[{"start":{"line":24,"column":4},"end":{"line":27,"column":null}},{"start":{},"end":{}}],"line":24},"4":{"loc":{"start":{"line":61,"column":2},"end":{"line":69,"column":null}},"type":"if","locations":[{"start":{"line":61,"column":2},"end":{"line":69,"column":null}},{"start":{"line":63,"column":2},"end":{"line":69,"column":null}}],"line":61},"5":{"loc":{"start":{"line":63,"column":2},"end":{"line":69,"column":null}},"type":"if","locations":[{"start":{"line":63,"column":2},"end":{"line":69,"column":null}},{"start":{"line":65,"column":2},"end":{"line":69,"column":null}}],"line":63},"6":{"loc":{"start":{"line":65,"column":2},"end":{"line":69,"column":null}},"type":"if","locations":[{"start":{"line":65,"column":2},"end":{"line":69,"column":null}},{"start":{"line":67,"column":9},"end":{"line":69,"column":null}}],"line":65},"7":{"loc":{"start":{"line":66,"column":11},"end":{"line":66,"column":null}},"type":"cond-expr","locations":[{"start":{"line":66,"column":25},"end":{"line":66,"column":42}},{"start":{"line":66,"column":42},"end":{"line":66,"column":null}}],"line":66},"8":{"loc":{"start":{"line":72,"column":4},"end":{"line":73,"column":null}},"type":"binary-expr","locations":[{"start":{"line":72,"column":4},"end":{"line":72,"column":null}},{"start":{"line":73,"column":5},"end":{"line":73,"column":34}},{"start":{"line":73,"column":34},"end":{"line":73,"column":null}}],"line":72}},"s":{"0":9,"1":9,"2":9,"3":9,"4":9,"5":9,"6":9,"7":9,"8":9,"9":9,"10":9,"11":0,"12":0,"13":0,"14":0,"15":0,"16":0,"17":0,"18":0,"19":9,"20":9,"21":1,"22":9,"23":9,"24":1,"25":8,"26":1,"27":7,"28":1,"29":6,"30":9,"31":9},"f":{"0":9,"1":9,"2":9,"3":9,"4":9,"5":9,"6":0,"7":9},"b":{"0":[0,0],"1":[0,0],"2":[0,0],"3":[0,0],"4":[1,8],"5":[1,7],"6":[1,6],"7":[0,1],"8":[9,3,1]},"meta":{"lastBranch":9,"lastFunction":8,"lastStatement":32,"seen":{"f:5:9:5:18":0,"s:6:8:6:Infinity":0,"f:6:36:6:37":1,"s:6:47:6:65":1,"s:7:8:9:Infinity":2,"f:8:4:8:5":2,"s:8:15:8:Infinity":3,"s:11:8:11:Infinity":4,"f:11:34:11:35":3,"s:11:45:11:61":5,"s:13:8:15:Infinity":6,"f:14:4:14:5":4,"s:14:15:14:Infinity":7,"s:16:8:16:Infinity":8,"f:16:38:16:39":5,"s:16:49:16:69":9,"s:18:26:28:Infinity":10,"f:18:26:18:32":6,"s:19:26:19:Infinity":11,"b:20:4:27:Infinity:22:4:27:Infinity":0,"s:20:4:27:Infinity":12,"b:20:8:20:43:20:43:20:71":1,"s:21:6:21:Infinity":13,"b:22:4:27:Infinity:24:4:27:Infinity":2,"s:22:4:27:Infinity":14,"s:23:6:23:Infinity":15,"b:24:4:27:Infinity:undefined:undefined:undefined:undefined":3,"s:24:4:27:Infinity":16,"s:25:6:25:Infinity":17,"s:26:6:26:Infinity":18,"s:31:4:31:Infinity":19,"s:33:2:48:Infinity":20,"s:54:27:76:Infinity":21,"f:54:27:54:Infinity":7,"s:59:13:59:Infinity":22,"b:61:2:69:Infinity:63:2:69:Infinity":4,"s:61:2:69:Infinity":23,"s:62:4:62:Infinity":24,"b:63:2:69:Infinity:65:2:69:Infinity":5,"s:63:2:69:Infinity":25,"s:64:4:64:Infinity":26,"b:65:2:69:Infinity:67:9:69:Infinity":6,"s:65:2:69:Infinity":27,"s:66:4:66:Infinity":28,"b:66:25:66:42:66:42:66:Infinity":7,"s:68:4:68:Infinity":29,"s:72:4:73:Infinity":30,"b:72:4:72:Infinity:73:5:73:34:73:34:73:Infinity":8,"s:75:2:75:Infinity":31}}}
,"C:\\Users\\muham\\OneDrive\\Desktop\\insider-horse-race-case\\src\\components\\Header\\styles.module.scss": {"path":"C:\\Users\\muham\\OneDrive\\Desktop\\insider-horse-race-case\\src\\components\\Header\\styles.module.scss","statementMap":{},"fnMap":{},"branchMap":{},"s":{},"f":{},"b":{},"meta":{"lastBranch":0,"lastFunction":0,"lastStatement":0,"seen":{}}}
,"C:\\Users\\muham\\OneDrive\\Desktop\\insider-horse-race-case\\src\\components\\HorseList\\index.tsx": {"path":"C:\\Users\\muham\\OneDrive\\Desktop\\insider-horse-race-case\\src\\components\\HorseList\\index.tsx","statementMap":{"0":{"start":{"line":8,"column":8},"end":{"line":8,"column":null}},"1":{"start":{"line":8,"column":41},"end":{"line":8,"column":56}},"2":{"start":{"line":9,"column":8},"end":{"line":9,"column":null}},"3":{"start":{"line":9,"column":51},"end":{"line":9,"column":73}},"4":{"start":{"line":11,"column":2},"end":{"line":47,"column":null}},"5":{"start":{"line":26,"column":12},"end":{"line":43,"column":null}},"6":{"start":{"line":29,"column":59},"end":{"line":29,"column":76}}},"fnMap":{"0":{"name":"HorseList","decl":{"start":{"line":7,"column":9},"end":{"line":7,"column":21}},"loc":{"start":{"line":7,"column":21},"end":{"line":49,"column":null}},"line":7},"1":{"name":"(anonymous_1)","decl":{"start":{"line":8,"column":30},"end":{"line":8,"column":31}},"loc":{"start":{"line":8,"column":41},"end":{"line":8,"column":56}},"line":8},"2":{"name":"(anonymous_2)","decl":{"start":{"line":9,"column":40},"end":{"line":9,"column":41}},"loc":{"start":{"line":9,"column":51},"end":{"line":9,"column":73}},"line":9},"3":{"name":"(anonymous_3)","decl":{"start":{"line":25,"column":22},"end":{"line":25,"column":23}},"loc":{"start":{"line":26,"column":12},"end":{"line":43,"column":null}},"line":26},"4":{"name":"(anonymous_4)","decl":{"start":{"line":29,"column":52},"end":{"line":29,"column":53}},"loc":{"start":{"line":29,"column":59},"end":{"line":29,"column":76}},"line":29}},"branchMap":{"0":{"loc":{"start":{"line":29,"column":16},"end":{"line":31,"column":null}},"type":"cond-expr","locations":[{"start":{"line":30,"column":20},"end":{"line":30,"column":null}},{"start":{"line":31,"column":20},"end":{"line":31,"column":null}}],"line":29}},"s":{"0":10,"1":10,"2":10,"3":10,"4":10,"5":27,"6":8},"f":{"0":10,"1":10,"2":10,"3":27,"4":8},"b":{"0":[3,24]},"meta":{"lastBranch":1,"lastFunction":5,"lastStatement":7,"seen":{"f:7:9:7:21":0,"s:8:8:8:Infinity":0,"f:8:30:8:31":1,"s:8:41:8:56":1,"s:9:8:9:Infinity":2,"f:9:40:9:41":2,"s:9:51:9:73":3,"s:11:2:47:Infinity":4,"f:25:22:25:23":3,"s:26:12:43:Infinity":5,"b:30:20:30:Infinity:31:20:31:Infinity":0,"f:29:52:29:53":4,"s:29:59:29:76":6}}}
,"C:\\Users\\muham\\OneDrive\\Desktop\\insider-horse-race-case\\src\\components\\HorseList\\styles.module.scss": {"path":"C:\\Users\\muham\\OneDrive\\Desktop\\insider-horse-race-case\\src\\components\\HorseList\\styles.module.scss","statementMap":{},"fnMap":{},"branchMap":{},"s":{},"f":{},"b":{},"meta":{"lastBranch":0,"lastFunction":0,"lastStatement":0,"seen":{}}}
,"C:\\Users\\muham\\OneDrive\\Desktop\\insider-horse-race-case\\src\\components\\ResultList\\index.tsx": {"path":"C:\\Users\\muham\\OneDrive\\Desktop\\insider-horse-race-case\\src\\components\\ResultList\\index.tsx","statementMap":{"0":{"start":{"line":8,"column":8},"end":{"line":8,"column":null}},"1":{"start":{"line":8,"column":46},"end":{"line":8,"column":63}},"2":{"start":{"line":10,"column":2},"end":{"line":44,"column":null}},"3":{"start":{"line":15,"column":10},"end":{"line":37,"column":null}},"4":{"start":{"line":30,"column":18},"end":{"line":33,"column":null}}},"fnMap":{"0":{"name":"ResultList","decl":{"start":{"line":7,"column":9},"end":{"line":7,"column":22}},"loc":{"start":{"line":7,"column":22},"end":{"line":46,"column":null}},"line":7},"1":{"name":"(anonymous_1)","decl":{"start":{"line":8,"column":35},"end":{"line":8,"column":36}},"loc":{"start":{"line":8,"column":46},"end":{"line":8,"column":63}},"line":8},"2":{"name":"(anonymous_2)","decl":{"start":{"line":14,"column":24},"end":{"line":14,"column":25}},"loc":{"start":{"line":15,"column":10},"end":{"line":37,"column":null}},"line":15},"3":{"name":"(anonymous_3)","decl":{"start":{"line":29,"column":34},"end":{"line":29,"column":35}},"loc":{"start":{"line":30,"column":18},"end":{"line":33,"column":null}},"line":30}},"branchMap":{"0":{"loc":{"start":{"line":13,"column":7},"end":{"line":42,"column":null}},"type":"cond-expr","locations":[{"start":{"line":14,"column":8},"end":{"line":38,"column":null}},{"start":{"line":40,"column":8},"end":{"line":42,"column":null}}],"line":13}},"s":{"0":10,"1":10,"2":10,"3":16,"4":42},"f":{"0":10,"1":10,"2":16,"3":42},"b":{"0":[8,2]},"meta":{"lastBranch":1,"lastFunction":4,"lastStatement":5,"seen":{"f:7:9:7:22":0,"s:8:8:8:Infinity":0,"f:8:35:8:36":1,"s:8:46:8:63":1,"s:10:2:44:Infinity":2,"b:14:8:38:Infinity:40:8:42:Infinity":0,"f:14:24:14:25":2,"s:15:10:37:Infinity":3,"f:29:34:29:35":3,"s:30:18:33:Infinity":4}}}
,"C:\\Users\\muham\\OneDrive\\Desktop\\insider-horse-race-case\\src\\components\\ResultList\\styles.module.scss": {"path":"C:\\Users\\muham\\OneDrive\\Desktop\\insider-horse-race-case\\src\\components\\ResultList\\styles.module.scss","statementMap":{},"fnMap":{},"branchMap":{},"s":{},"f":{},"b":{},"meta":{"lastBranch":0,"lastFunction":0,"lastStatement":0,"seen":{}}}
,"C:\\Users\\muham\\OneDrive\\Desktop\\insider-horse-race-case\\src\\components\\ScheduleList\\index.tsx": {"path":"C:\\Users\\muham\\OneDrive\\Desktop\\insider-horse-race-case\\src\\components\\ScheduleList\\index.tsx","statementMap":{"0":{"start":{"line":8,"column":8},"end":{"line":8,"column":null}},"1":{"start":{"line":8,"column":47},"end":{"line":8,"column":65}},"2":{"start":{"line":10,"column":2},"end":{"line":45,"column":null}},"3":{"start":{"line":15,"column":10},"end":{"line":38,"column":null}},"4":{"start":{"line":31,"column":18},"end":{"line":34,"column":null}}},"fnMap":{"0":{"name":"ScheduleList","decl":{"start":{"line":7,"column":9},"end":{"line":7,"column":24}},"loc":{"start":{"line":7,"column":24},"end":{"line":47,"column":null}},"line":7},"1":{"name":"(anonymous_1)","decl":{"start":{"line":8,"column":36},"end":{"line":8,"column":37}},"loc":{"start":{"line":8,"column":47},"end":{"line":8,"column":65}},"line":8},"2":{"name":"(anonymous_2)","decl":{"start":{"line":14,"column":25},"end":{"line":14,"column":26}},"loc":{"start":{"line":15,"column":10},"end":{"line":38,"column":null}},"line":15},"3":{"name":"(anonymous_3)","decl":{"start":{"line":30,"column":39},"end":{"line":30,"column":40}},"loc":{"start":{"line":31,"column":18},"end":{"line":34,"column":null}},"line":31}},"branchMap":{"0":{"loc":{"start":{"line":13,"column":7},"end":{"line":43,"column":null}},"type":"cond-expr","locations":[{"start":{"line":14,"column":8},"end":{"line":39,"column":null}},{"start":{"line":41,"column":8},"end":{"line":43,"column":null}}],"line":13}},"s":{"0":12,"1":12,"2":12,"3":25,"4":62},"f":{"0":12,"1":12,"2":25,"3":62},"b":{"0":[10,2]},"meta":{"lastBranch":1,"lastFunction":4,"lastStatement":5,"seen":{"f:7:9:7:24":0,"s:8:8:8:Infinity":0,"f:8:36:8:37":1,"s:8:47:8:65":1,"s:10:2:45:Infinity":2,"b:14:8:39:Infinity:41:8:43:Infinity":0,"f:14:25:14:26":2,"s:15:10:38:Infinity":3,"f:30:39:30:40":3,"s:31:18:34:Infinity":4}}}
,"C:\\Users\\muham\\OneDrive\\Desktop\\insider-horse-race-case\\src\\components\\ScheduleList\\styles.module.scss": {"path":"C:\\Users\\muham\\OneDrive\\Desktop\\insider-horse-race-case\\src\\components\\ScheduleList\\styles.module.scss","statementMap":{},"fnMap":{},"branchMap":{},"s":{},"f":{},"b":{},"meta":{"lastBranch":0,"lastFunction":0,"lastStatement":0,"seen":{}}}
,"C:\\Users\\muham\\OneDrive\\Desktop\\insider-horse-race-case\\src\\components\\Table\\index.tsx": {"path":"C:\\Users\\muham\\OneDrive\\Desktop\\insider-horse-race-case\\src\\components\\Table\\index.tsx","statementMap":{"0":{"start":{"line":10,"column":2},"end":{"line":13,"column":null}},"1":{"start":{"line":22,"column":2},"end":{"line":25,"column":null}},"2":{"start":{"line":34,"column":2},"end":{"line":37,"column":null}},"3":{"start":{"line":46,"column":2},"end":{"line":49,"column":null}},"4":{"start":{"line":58,"column":2},"end":{"line":61,"column":null}},"5":{"start":{"line":70,"column":2},"end":{"line":73,"column":null}},"6":{"start":{"line":77,"column":0},"end":{"line":77,"column":null}},"7":{"start":{"line":78,"column":0},"end":{"line":78,"column":null}},"8":{"start":{"line":79,"column":0},"end":{"line":79,"column":null}},"9":{"start":{"line":80,"column":0},"end":{"line":80,"column":null}},"10":{"start":{"line":81,"column":0},"end":{"line":81,"column":null}}},"fnMap":{"0":{"name":"Table","decl":{"start":{"line":9,"column":9},"end":{"line":9,"column":15}},"loc":{"start":{"line":9,"column":62},"end":{"line":15,"column":null}},"line":9},"1":{"name":"TR","decl":{"start":{"line":17,"column":9},"end":{"line":17,"column":12}},"loc":{"start":{"line":21,"column":46},"end":{"line":27,"column":null}},"line":21},"2":{"name":"TH","decl":{"start":{"line":29,"column":9},"end":{"line":29,"column":12}},"loc":{"start":{"line":33,"column":47},"end":{"line":39,"column":null}},"line":33},"3":{"name":"TD","decl":{"start":{"line":41,"column":9},"end":{"line":41,"column":12}},"loc":{"start":{"line":45,"column":47},"end":{"line":51,"column":null}},"line":45},"4":{"name":"TBody","decl":{"start":{"line":53,"column":9},"end":{"line":53,"column":15}},"loc":{"start":{"line":57,"column":50},"end":{"line":63,"column":null}},"line":57},"5":{"name":"THead","decl":{"start":{"line":65,"column":9},"end":{"line":65,"column":15}},"loc":{"start":{"line":69,"column":50},"end":{"line":75,"column":null}},"line":69}},"branchMap":{},"s":{"0":59,"1":197,"2":121,"3":305,"4":56,"5":57,"6":4,"7":4,"8":4,"9":4,"10":4},"f":{"0":59,"1":197,"2":121,"3":305,"4":56,"5":57},"b":{},"meta":{"lastBranch":0,"lastFunction":6,"lastStatement":11,"seen":{"f:9:9:9:15":0,"s:10:2:13:Infinity":0,"f:17:9:17:12":1,"s:22:2:25:Infinity":1,"f:29:9:29:12":2,"s:34:2:37:Infinity":2,"f:41:9:41:12":3,"s:46:2:49:Infinity":3,"f:53:9:53:15":4,"s:58:2:61:Infinity":4,"f:65:9:65:15":5,"s:70:2:73:Infinity":5,"s:77:0:77:Infinity":6,"s:78:0:78:Infinity":7,"s:79:0:79:Infinity":8,"s:80:0:80:Infinity":9,"s:81:0:81:Infinity":10}}}
,"C:\\Users\\muham\\OneDrive\\Desktop\\insider-horse-race-case\\src\\components\\Table\\styles.module.scss": {"path":"C:\\Users\\muham\\OneDrive\\Desktop\\insider-horse-race-case\\src\\components\\Table\\styles.module.scss","statementMap":{},"fnMap":{},"branchMap":{},"s":{},"f":{},"b":{},"meta":{"lastBranch":0,"lastFunction":0,"lastStatement":0,"seen":{}}}
,"C:\\Users\\muham\\OneDrive\\Desktop\\insider-horse-race-case\\src\\components\\Title\\index.tsx": {"path":"C:\\Users\\muham\\OneDrive\\Desktop\\insider-horse-race-case\\src\\components\\Title\\index.tsx","statementMap":{"0":{"start":{"line":17,"column":2},"end":{"line":24,"column":null}}},"fnMap":{"0":{"name":"Title","decl":{"start":{"line":9,"column":9},"end":{"line":9,"column":15}},"loc":{"start":{"line":16,"column":15},"end":{"line":26,"column":null}},"line":16}},"branchMap":{"0":{"loc":{"start":{"line":14,"column":2},"end":{"line":14,"column":null}},"type":"default-arg","locations":[{"start":{"line":14,"column":9},"end":{"line":14,"column":null}}],"line":14}},"s":{"0":87},"f":{"0":87},"b":{"0":[87]},"meta":{"lastBranch":1,"lastFunction":1,"lastStatement":1,"seen":{"f:9:9:9:15":0,"b:14:9:14:Infinity":0,"s:17:2:24:Infinity":0}}}
,"C:\\Users\\muham\\OneDrive\\Desktop\\insider-horse-race-case\\src\\components\\Title\\styles.module.scss": {"path":"C:\\Users\\muham\\OneDrive\\Desktop\\insider-horse-race-case\\src\\components\\Title\\styles.module.scss","statementMap":{},"fnMap":{},"branchMap":{},"s":{},"f":{},"b":{},"meta":{"lastBranch":0,"lastFunction":0,"lastStatement":0,"seen":{}}}
,"C:\\Users\\muham\\OneDrive\\Desktop\\insider-horse-race-case\\src\\constants\\horseNames.ts": {"path":"C:\\Users\\muham\\OneDrive\\Desktop\\insider-horse-race-case\\src\\constants\\horseNames.ts","statementMap":{"0":{"start":{"line":1,"column":32},"end":{"line":26,"column":null}},"1":{"start":{"line":28,"column":27},"end":{"line":53,"column":null}}},"fnMap":{},"branchMap":{},"s":{"0":3,"1":3},"f":{},"b":{},"meta":{"lastBranch":0,"lastFunction":0,"lastStatement":2,"seen":{"s:1:32:26:Infinity":0,"s:28:27:53:Infinity":1}}}
,"C:\\Users\\muham\\OneDrive\\Desktop\\insider-horse-race-case\\src\\services\\game.service.ts": {"path":"C:\\Users\\muham\\OneDrive\\Desktop\\insider-horse-race-case\\src\\services\\game.service.ts","statementMap":{"0":{"start":{"line":8,"column":27},"end":{"line":8,"column":null}},"1":{"start":{"line":9,"column":2},"end":{"line":16,"column":null}},"2":{"start":{"line":9,"column":15},"end":{"line":9,"column":18}},"3":{"start":{"line":10,"column":4},"end":{"line":15,"column":null}},"4":{"start":{"line":17,"column":2},"end":{"line":17,"column":null}},"5":{"start":{"line":25,"column":19},"end":{"line":25,"column":null}},"6":{"start":{"line":26,"column":2},"end":{"line":29,"column":null}},"7":{"start":{"line":26,"column":15},"end":{"line":26,"column":18}},"8":{"start":{"line":27,"column":10},"end":{"line":27,"column":null}},"9":{"start":{"line":28,"column":4},"end":{"line":28,"column":null}},"10":{"start":{"line":30,"column":2},"end":{"line":30,"column":null}},"11":{"start":{"line":34,"column":2},"end":{"line":34,"column":null}},"12":{"start":{"line":37,"column":20},"end":{"line":41,"column":null}}},"fnMap":{"0":{"name":"generateRaceHorses","decl":{"start":{"line":7,"column":9},"end":{"line":7,"column":28}},"loc":{"start":{"line":7,"column":57},"end":{"line":18,"column":null}},"line":7},"1":{"name":"initializeRaceSchedule","decl":{"start":{"line":20,"column":9},"end":{"line":20,"column":null}},"loc":{"start":{"line":24,"column":19},"end":{"line":31,"column":null}},"line":24},"2":{"name":"getLapText","decl":{"start":{"line":33,"column":9},"end":{"line":33,"column":20}},"loc":{"start":{"line":33,"column":61},"end":{"line":35,"column":null}},"line":33}},"branchMap":{},"s":{"0":11,"1":11,"2":11,"3":43,"4":11,"5":13,"6":13,"7":13,"8":27,"9":27,"10":13,"11":15,"12":1},"f":{"0":11,"1":13,"2":15},"b":{},"meta":{"lastBranch":0,"lastFunction":3,"lastStatement":13,"seen":{"f:7:9:7:28":0,"s:8:27:8:Infinity":0,"s:9:2:16:Infinity":1,"s:9:15:9:18":2,"s:10:4:15:Infinity":3,"s:17:2:17:Infinity":4,"f:20:9:20:Infinity":1,"s:25:19:25:Infinity":5,"s:26:2:29:Infinity":6,"s:26:15:26:18":7,"s:27:10:27:Infinity":8,"s:28:4:28:Infinity":9,"s:30:2:30:Infinity":10,"f:33:9:33:20":2,"s:34:2:34:Infinity":11,"s:37:20:41:Infinity":12}}}
,"C:\\Users\\muham\\OneDrive\\Desktop\\insider-horse-race-case\\src\\stores\\useRaceStore.ts": {"path":"C:\\Users\\muham\\OneDrive\\Desktop\\insider-horse-race-case\\src\\stores\\useRaceStore.ts","statementMap":{"0":{"start":{"line":30,"column":13},"end":{"line":146,"column":null}},"1":{"start":{"line":30,"column":62},"end":{"line":146,"column":2}},"2":{"start":{"line":38,"column":42},"end":{"line":38,"column":null}},"3":{"start":{"line":39,"column":4},"end":{"line":45,"column":null}},"4":{"start":{"line":46,"column":4},"end":{"line":46,"column":null}},"5":{"start":{"line":50,"column":43},"end":{"line":50,"column":null}},"6":{"start":{"line":51,"column":22},"end":{"line":51,"column":null}},"7":{"start":{"line":53,"column":4},"end":{"line":65,"column":null}},"8":{"start":{"line":54,"column":31},"end":{"line":62,"column":null}},"9":{"start":{"line":57,"column":75},"end":{"line":61,"column":10}},"10":{"start":{"line":64,"column":6},"end":{"line":64,"column":null}},"11":{"start":{"line":69,"column":4},"end":{"line":69,"column":null}},"12":{"start":{"line":73,"column":33},"end":{"line":73,"column":null}},"13":{"start":{"line":75,"column":4},"end":{"line":77,"column":null}},"14":{"start":{"line":76,"column":6},"end":{"line":76,"column":null}},"15":{"start":{"line":78,"column":25},"end":{"line":78,"column":null}},"16":{"start":{"line":79,"column":32},"end":{"line":97,"column":null}},"17":{"start":{"line":82,"column":10},"end":{"line":82,"column":null}},"18":{"start":{"line":83,"column":8},"end":{"line":88,"column":null}},"19":{"start":{"line":87,"column":10},"end":{"line":87,"column":null}},"20":{"start":{"line":89,"column":8},"end":{"line":95,"column":null}},"21":{"start":{"line":99,"column":4},"end":{"line":115,"column":null}},"22":{"start":{"line":100,"column":25},"end":{"line":102,"column":null}},"23":{"start":{"line":101,"column":15},"end":{"line":101,"column":null}},"24":{"start":{"line":104,"column":6},"end":{"line":114,"column":null}},"25":{"start":{"line":106,"column":10},"end":{"line":108,"column":null}},"26":{"start":{"line":107,"column":12},"end":{"line":107,"column":null}},"27":{"start":{"line":109,"column":10},"end":{"line":109,"column":null}},"28":{"start":{"line":112,"column":10},"end":{"line":112,"column":null}},"29":{"start":{"line":113,"column":10},"end":{"line":113,"column":null}},"30":{"start":{"line":117,"column":4},"end":{"line":137,"column":null}},"31":{"start":{"line":117,"column":55},"end":{"line":117,"column":73}},"32":{"start":{"line":118,"column":6},"end":{"line":134,"column":null}},"33":{"start":{"line":125,"column":30},"end":{"line":125,"column":53}},"34":{"start":{"line":126,"column":31},"end":{"line":131,"column":16}},"35":{"start":{"line":136,"column":6},"end":{"line":136,"column":null}},"36":{"start":{"line":139,"column":4},"end":{"line":144,"column":null}}},"fnMap":{"0":{"name":"(anonymous_0)","decl":{"start":{"line":30,"column":47},"end":{"line":30,"column":48}},"loc":{"start":{"line":30,"column":62},"end":{"line":146,"column":2}},"line":30},"1":{"name":"(anonymous_1)","decl":{"start":{"line":37,"column":26},"end":{"line":37,"column":32}},"loc":{"start":{"line":37,"column":32},"end":{"line":47,"column":null}},"line":37},"2":{"name":"(anonymous_2)","decl":{"start":{"line":49,"column":18},"end":{"line":49,"column":24}},"loc":{"start":{"line":49,"column":24},"end":{"line":66,"column":null}},"line":49},"3":{"name":"(anonymous_3)","decl":{"start":{"line":57,"column":63},"end":{"line":57,"column":64}},"loc":{"start":{"line":57,"column":75},"end":{"line":61,"column":10}},"line":57},"4":{"name":"(anonymous_4)","decl":{"start":{"line":68,"column":20},"end":{"line":68,"column":21}},"loc":{"start":{"line":68,"column":45},"end":{"line":70,"column":null}},"line":68},"5":{"name":"(anonymous_5)","decl":{"start":{"line":72,"column":24},"end":{"line":72,"column":30}},"loc":{"start":{"line":72,"column":30},"end":{"line":145,"column":null}},"line":72},"6":{"name":"(anonymous_6)","decl":{"start":{"line":80,"column":6},"end":{"line":80,"column":7}},"loc":{"start":{"line":80,"column":24},"end":{"line":96,"column":null}},"line":80},"7":{"name":"(anonymous_7)","decl":{"start":{"line":101,"column":8},"end":{"line":101,"column":9}},"loc":{"start":{"line":101,"column":15},"end":{"line":101,"column":null}},"line":101},"8":{"name":"(anonymous_8)","decl":{"start":{"line":105,"column":14},"end":{"line":105,"column":15}},"loc":{"start":{"line":105,"column":24},"end":{"line":110,"column":9}},"line":105},"9":{"name":"(anonymous_9)","decl":{"start":{"line":111,"column":17},"end":{"line":111,"column":18}},"loc":{"start":{"line":111,"column":27},"end":{"line":114,"column":9}},"line":111},"10":{"name":"(anonymous_10)","decl":{"start":{"line":117,"column":44},"end":{"line":117,"column":45}},"loc":{"start":{"line":117,"column":55},"end":{"line":117,"column":73}},"line":117},"11":{"name":"(anonymous_11)","decl":{"start":{"line":125,"column":20},"end":{"line":125,"column":21}},"loc":{"start":{"line":125,"column":30},"end":{"line":125,"column":53}},"line":125},"12":{"name":"(anonymous_12)","decl":{"start":{"line":126,"column":19},"end":{"line":126,"column":20}},"loc":{"start":{"line":126,"column":31},"end":{"line":131,"column":16}},"line":126}},"branchMap":{"0":{"loc":{"start":{"line":53,"column":4},"end":{"line":65,"column":null}},"type":"if","locations":[{"start":{"line":53,"column":4},"end":{"line":65,"column":null}},{"start":{},"end":{}}],"line":53},"1":{"loc":{"start":{"line":75,"column":4},"end":{"line":77,"column":null}},"type":"if","locations":[{"start":{"line":75,"column":4},"end":{"line":77,"column":null}},{"start":{},"end":{}}],"line":75},"2":{"loc":{"start":{"line":83,"column":8},"end":{"line":88,"column":null}},"type":"if","locations":[{"start":{"line":83,"column":8},"end":{"line":88,"column":null}},{"start":{},"end":{}}],"line":83},"3":{"loc":{"start":{"line":84,"column":10},"end":{"line":85,"column":null}},"type":"binary-expr","locations":[{"start":{"line":84,"column":10},"end":{"line":84,"column":null}},{"start":{"line":85,"column":10},"end":{"line":85,"column":null}}],"line":84},"4":{"loc":{"start":{"line":99,"column":4},"end":{"line":115,"column":null}},"type":"if","locations":[{"start":{"line":99,"column":4},"end":{"line":115,"column":null}},{"start":{},"end":{}}],"line":99},"5":{"loc":{"start":{"line":106,"column":10},"end":{"line":108,"column":null}},"type":"if","locations":[{"start":{"line":106,"column":10},"end":{"line":108,"column":null}},{"start":{},"end":{}}],"line":106},"6":{"loc":{"start":{"line":117,"column":4},"end":{"line":137,"column":null}},"type":"if","locations":[{"start":{"line":117,"column":4},"end":{"line":137,"column":null}},{"start":{},"end":{}}],"line":117}},"s":{"0":1,"1":1,"2":17,"3":17,"4":17,"5":22,"6":22,"7":22,"8":21,"9":42,"10":21,"11":5,"12":11,"13":11,"14":1,"15":10,"16":10,"17":19,"18":19,"19":11,"20":19,"21":10,"22":6,"23":11,"24":6,"25":7,"26":6,"27":1,"28":11,"29":11,"30":10,"31":11,"32":1,"33":1,"34":2,"35":1,"36":10},"f":{"0":1,"1":17,"2":22,"3":42,"4":5,"5":11,"6":19,"7":11,"8":7,"9":11,"10":11,"11":1,"12":2},"b":{"0":[21,1],"1":[1,10],"2":[11,8],"3":[19,13],"4":[6,4],"5":[6,1],"6":[1,9]},"meta":{"lastBranch":7,"lastFunction":13,"lastStatement":37,"seen":{"s:30:13:146:Infinity":0,"f:30:47:30:48":0,"s:30:62:146:2":1,"f:37:26:37:32":1,"s:38:42:38:Infinity":2,"s:39:4:45:Infinity":3,"s:46:4:46:Infinity":4,"f:49:18:49:24":2,"s:50:43:50:Infinity":5,"s:51:22:51:Infinity":6,"b:53:4:65:Infinity:undefined:undefined:undefined:undefined":0,"s:53:4:65:Infinity":7,"s:54:31:62:Infinity":8,"f:57:63:57:64":3,"s:57:75:61:10":9,"s:64:6:64:Infinity":10,"f:68:20:68:21":4,"s:69:4:69:Infinity":11,"f:72:24:72:30":5,"s:73:33:73:Infinity":12,"b:75:4:77:Infinity:undefined:undefined:undefined:undefined":1,"s:75:4:77:Infinity":13,"s:76:6:76:Infinity":14,"s:78:25:78:Infinity":15,"s:79:32:97:Infinity":16,"f:80:6:80:7":6,"s:82:10:82:Infinity":17,"b:83:8:88:Infinity:undefined:undefined:undefined:undefined":2,"s:83:8:88:Infinity":18,"b:84:10:84:Infinity:85:10:85:Infinity":3,"s:87:10:87:Infinity":19,"s:89:8:95:Infinity":20,"b:99:4:115:Infinity:undefined:undefined:undefined:undefined":4,"s:99:4:115:Infinity":21,"s:100:25:102:Infinity":22,"f:101:8:101:9":7,"s:101:15:101:Infinity":23,"s:104:6:114:Infinity":24,"f:105:14:105:15":8,"b:106:10:108:Infinity:undefined:undefined:undefined:undefined":5,"s:106:10:108:Infinity":25,"s:107:12:107:Infinity":26,"s:109:10:109:Infinity":27,"f:111:17:111:18":9,"s:112:10:112:Infinity":28,"s:113:10:113:Infinity":29,"b:117:4:137:Infinity:undefined:undefined:undefined:undefined":6,"s:117:4:137:Infinity":30,"f:117:44:117:45":10,"s:117:55:117:73":31,"s:118:6:134:Infinity":32,"f:125:20:125:21":11,"s:125:30:125:53":33,"f:126:19:126:20":12,"s:126:31:131:16":34,"s:136:6:136:Infinity":35,"s:139:4:144:Infinity":36}}}
,"C:\\Users\\muham\\OneDrive\\Desktop\\insider-horse-race-case\\src\\utils\\generateRandomColor.ts": {"path":"C:\\Users\\muham\\OneDrive\\Desktop\\insider-horse-race-case\\src\\utils\\generateRandomColor.ts","statementMap":{"0":{"start":{"line":2,"column":18},"end":{"line":2,"column":null}},"1":{"start":{"line":3,"column":14},"end":{"line":3,"column":null}},"2":{"start":{"line":4,"column":2},"end":{"line":6,"column":null}},"3":{"start":{"line":4,"column":15},"end":{"line":4,"column":18}},"4":{"start":{"line":5,"column":4},"end":{"line":5,"column":null}},"5":{"start":{"line":7,"column":2},"end":{"line":7,"column":null}}},"fnMap":{"0":{"name":"generateRandomColor","decl":{"start":{"line":1,"column":16},"end":{"line":1,"column":46}},"loc":{"start":{"line":1,"column":46},"end":{"line":8,"column":null}},"line":1}},"branchMap":{},"s":{"0":1736,"1":1736,"2":1736,"3":1736,"4":10416,"5":1736},"f":{"0":1736},"b":{},"meta":{"lastBranch":0,"lastFunction":1,"lastStatement":6,"seen":{"f:1:16:1:46":0,"s:2:18:2:Infinity":0,"s:3:14:3:Infinity":1,"s:4:2:6:Infinity":2,"s:4:15:4:18":3,"s:5:4:5:Infinity":4,"s:7:2:7:Infinity":5}}}
,"C:\\Users\\muham\\OneDrive\\Desktop\\insider-horse-race-case\\src\\utils\\generateUniqueHorseName.ts": {"path":"C:\\Users\\muham\\OneDrive\\Desktop\\insider-horse-race-case\\src\\utils\\generateUniqueHorseName.ts","statementMap":{"0":{"start":{"line":4,"column":20},"end":{"line":4,"column":null}},"1":{"start":{"line":6,"column":17},"end":{"line":6,"column":null}},"2":{"start":{"line":7,"column":22},"end":{"line":7,"column":null}},"3":{"start":{"line":9,"column":2},"end":{"line":21,"column":null}},"4":{"start":{"line":11,"column":6},"end":{"line":11,"column":null}},"5":{"start":{"line":12,"column":17},"end":{"line":12,"column":null}},"6":{"start":{"line":13,"column":17},"end":{"line":13,"column":null}},"7":{"start":{"line":15,"column":4},"end":{"line":18,"column":null}},"8":{"start":{"line":16,"column":6},"end":{"line":16,"column":null}},"9":{"start":{"line":17,"column":6},"end":{"line":17,"column":null}},"10":{"start":{"line":20,"column":4},"end":{"line":20,"column":null}},"11":{"start":{"line":23,"column":16},"end":{"line":23,"column":null}},"12":{"start":{"line":25,"column":2},"end":{"line":31,"column":null}},"13":{"start":{"line":27,"column":6},"end":{"line":27,"column":null}},"14":{"start":{"line":28,"column":17},"end":{"line":28,"column":null}},"15":{"start":{"line":29,"column":4},"end":{"line":29,"column":null}},"16":{"start":{"line":30,"column":4},"end":{"line":30,"column":null}},"17":{"start":{"line":33,"column":2},"end":{"line":33,"column":null}},"18":{"start":{"line":34,"column":2},"end":{"line":34,"column":null}}},"fnMap":{"0":{"name":"generateUniqueHorseName","decl":{"start":{"line":3,"column":16},"end":{"line":3,"column":50}},"loc":{"start":{"line":3,"column":50},"end":{"line":35,"column":null}},"line":3}},"branchMap":{"0":{"loc":{"start":{"line":15,"column":4},"end":{"line":18,"column":null}},"type":"if","locations":[{"start":{"line":15,"column":4},"end":{"line":18,"column":null}},{"start":{},"end":{}}],"line":15}},"s":{"0":211,"1":211,"2":211,"3":211,"4":211,"5":211,"6":211,"7":211,"8":211,"9":211,"10":0,"11":0,"12":0,"13":0,"14":0,"15":0,"16":0,"17":0,"18":0},"f":{"0":211},"b":{"0":[211,0]},"meta":{"lastBranch":1,"lastFunction":1,"lastStatement":19,"seen":{"f:3:16:3:50":0,"s:4:20:4:Infinity":0,"s:6:17:6:Infinity":1,"s:7:22:7:Infinity":2,"s:9:2:21:Infinity":3,"s:11:6:11:Infinity":4,"s:12:17:12:Infinity":5,"s:13:17:13:Infinity":6,"b:15:4:18:Infinity:undefined:undefined:undefined:undefined":0,"s:15:4:18:Infinity":7,"s:16:6:16:Infinity":8,"s:17:6:17:Infinity":9,"s:20:4:20:Infinity":10,"s:23:16:23:Infinity":11,"s:25:2:31:Infinity":12,"s:27:6:27:Infinity":13,"s:28:17:28:Infinity":14,"s:29:4:29:Infinity":15,"s:30:4:30:Infinity":16,"s:33:2:33:Infinity":17,"s:34:2:34:Infinity":18}}}
,"C:\\Users\\muham\\OneDrive\\Desktop\\insider-horse-race-case\\src\\utils\\getNumberSuffix.ts": {"path":"C:\\Users\\muham\\OneDrive\\Desktop\\insider-horse-race-case\\src\\utils\\getNumberSuffix.ts","statementMap":{"0":{"start":{"line":2,"column":21},"end":{"line":2,"column":null}},"1":{"start":{"line":5,"column":2},"end":{"line":24,"column":null}},"2":{"start":{"line":6,"column":4},"end":{"line":6,"column":null}},"3":{"start":{"line":9,"column":22},"end":{"line":9,"column":null}},"4":{"start":{"line":10,"column":4},"end":{"line":23,"column":null}},"5":{"start":{"line":12,"column":8},"end":{"line":12,"column":null}},"6":{"start":{"line":13,"column":8},"end":{"line":13,"column":null}},"7":{"start":{"line":15,"column":8},"end":{"line":15,"column":null}},"8":{"start":{"line":16,"column":8},"end":{"line":16,"column":null}},"9":{"start":{"line":18,"column":8},"end":{"line":18,"column":null}},"10":{"start":{"line":19,"column":8},"end":{"line":19,"column":null}},"11":{"start":{"line":21,"column":8},"end":{"line":21,"column":null}},"12":{"start":{"line":22,"column":8},"end":{"line":22,"column":null}},"13":{"start":{"line":25,"column":2},"end":{"line":25,"column":null}}},"fnMap":{"0":{"name":"getNumberSuffix","decl":{"start":{"line":1,"column":16},"end":{"line":1,"column":32}},"loc":{"start":{"line":1,"column":72},"end":{"line":26,"column":null}},"line":1}},"branchMap":{"0":{"loc":{"start":{"line":5,"column":2},"end":{"line":24,"column":null}},"type":"if","locations":[{"start":{"line":5,"column":2},"end":{"line":24,"column":null}},{"start":{"line":7,"column":9},"end":{"line":24,"column":null}}],"line":5},"1":{"loc":{"start":{"line":5,"column":6},"end":{"line":5,"column":26}},"type":"binary-expr","locations":[{"start":{"line":5,"column":6},"end":{"line":5,"column":17}},{"start":{"line":5,"column":17},"end":{"line":5,"column":26}}],"line":5},"2":{"loc":{"start":{"line":10,"column":4},"end":{"line":23,"column":null}},"type":"switch","locations":[{"start":{"line":11,"column":6},"end":{"line":13,"column":null}},{"start":{"line":14,"column":6},"end":{"line":16,"column":null}},{"start":{"line":17,"column":6},"end":{"line":19,"column":null}},{"start":{"line":20,"column":6},"end":{"line":22,"column":null}}],"line":10},"3":{"loc":{"start":{"line":25,"column":9},"end":{"line":25,"column":null}},"type":"cond-expr","locations":[{"start":{"line":25,"column":21},"end":{"line":25,"column":50}},{"start":{"line":25,"column":50},"end":{"line":25,"column":null}}],"line":25}},"s":{"0":71,"1":71,"2":4,"3":67,"4":67,"5":20,"6":20,"7":17,"8":17,"9":11,"10":11,"11":19,"12":19,"13":71},"f":{"0":71},"b":{"0":[4,67],"1":[71,30],"2":[20,17,11,19],"3":[7,64]},"meta":{"lastBranch":4,"lastFunction":1,"lastStatement":14,"seen":{"f:1:16:1:32":0,"s:2:21:2:Infinity":0,"b:5:2:24:Infinity:7:9:24:Infinity":0,"s:5:2:24:Infinity":1,"b:5:6:5:17:5:17:5:26":1,"s:6:4:6:Infinity":2,"s:9:22:9:Infinity":3,"b:11:6:13:Infinity:14:6:16:Infinity:17:6:19:Infinity:20:6:22:Infinity":2,"s:10:4:23:Infinity":4,"s:12:8:12:Infinity":5,"s:13:8:13:Infinity":6,"s:15:8:15:Infinity":7,"s:16:8:16:Infinity":8,"s:18:8:18:Infinity":9,"s:19:8:19:Infinity":10,"s:21:8:21:Infinity":11,"s:22:8:22:Infinity":12,"s:25:2:25:Infinity":13,"b:25:21:25:50:25:50:25:Infinity":3}}}
,"C:\\Users\\muham\\OneDrive\\Desktop\\insider-horse-race-case\\src\\utils\\selectRandomHorses.ts": {"path":"C:\\Users\\muham\\OneDrive\\Desktop\\insider-horse-race-case\\src\\utils\\selectRandomHorses.ts","statementMap":{"0":{"start":{"line":4,"column":19},"end":{"line":4,"column":null}},"1":{"start":{"line":4,"column":42},"end":{"line":4,"column":61}},"2":{"start":{"line":5,"column":2},"end":{"line":5,"column":null}}},"fnMap":{"0":{"name":"selectRandomHorses","decl":{"start":{"line":3,"column":16},"end":{"line":3,"column":35}},"loc":{"start":{"line":3,"column":78},"end":{"line":6,"column":null}},"line":3},"1":{"name":"(anonymous_1)","decl":{"start":{"line":4,"column":36},"end":{"line":4,"column":42}},"loc":{"start":{"line":4,"column":42},"end":{"line":4,"column":61}},"line":4}},"branchMap":{},"s":{"0":79,"1":8962,"2":79},"f":{"0":79,"1":8962},"b":{},"meta":{"lastBranch":0,"lastFunction":2,"lastStatement":3,"seen":{"f:3:16:3:35":0,"s:4:19:4:Infinity":0,"f:4:36:4:42":1,"s:4:42:4:61":1,"s:5:2:5:Infinity":2}}}
,"C:\\Users\\muham\\OneDrive\\Desktop\\insider-horse-race-case\\src\\views\\GameView\\index.tsx": {"path":"C:\\Users\\muham\\OneDrive\\Desktop\\insider-horse-race-case\\src\\views\\GameView\\index.tsx","statementMap":{"0":{"start":{"line":9,"column":2},"end":{"line":18,"column":null}}},"fnMap":{"0":{"name":"GameView","decl":{"start":{"line":8,"column":9},"end":{"line":8,"column":20}},"loc":{"start":{"line":8,"column":20},"end":{"line":20,"column":null}},"line":8}},"branchMap":{},"s":{"0":17},"f":{"0":17},"b":{},"meta":{"lastBranch":0,"lastFunction":1,"lastStatement":1,"seen":{"f:8:9:8:20":0,"s:9:2:18:Infinity":0}}}
,"C:\\Users\\muham\\OneDrive\\Desktop\\insider-horse-race-case\\src\\views\\GameView\\styles.module.scss": {"path":"C:\\Users\\muham\\OneDrive\\Desktop\\insider-horse-race-case\\src\\views\\GameView\\styles.module.scss","statementMap":{},"fnMap":{},"branchMap":{},"s":{},"f":{},"b":{},"meta":{"lastBranch":0,"lastFunction":0,"lastStatement":0,"seen":{}}}
}
